  Building Custom Rule W:/Programming/wlibMonitor/CMakeLists.txt
  CMake does not need to re-run because W:/Programming/wlibMonitor/build/CMakeFiles/generate.stamp is up-to-date.
  main.cpp
main.obj : error LNK2019: 未解決の外部シンボル "__declspec(dllimport) public: __cdecl sf::String::String(char const *,class std::locale const &)" (__imp_??0String@sf@@QEAA@PEBDAEBVlocale@std@@@Z) が関数 main で参照されました。
main.obj : error LNK2019: 未解決の外部シンボル "__declspec(dllimport) public: __cdecl sf::String::~String(void)" (__imp_??1String@sf@@QEAA@XZ) が関数 main で参照されました。
main.obj : error LNK2019: 未解決の外部シンボル "__declspec(dllimport) public: __cdecl sf::VideoMode::VideoMode(unsigned int,unsigned int,unsigned int)" (__imp_??0VideoMode@sf@@QEAA@III@Z) が関数 main で参照されました。
main.obj : error LNK2019: 未解決の外部シンボル "__declspec(dllimport) public: void __cdecl sf::Window::create(class sf::VideoMode,class sf::String const &,unsigned int,struct sf::ContextSettings const &)" (__imp_?create@Window@sf@@QEAAXVVideoMode@2@AEBVString@2@IAEBUContextSettings@2@@Z) が関数 main で参照されました。
main.obj : error LNK2019: 未解決の外部シンボル "__declspec(dllimport) public: void __cdecl sf::Window::close(void)" (__imp_?close@Window@sf@@QEAAXXZ) が関数 main で参照されました。
main.obj : error LNK2019: 未解決の外部シンボル "__declspec(dllimport) public: bool __cdecl sf::Window::isOpen(void)const " (__imp_?isOpen@Window@sf@@QEBA_NXZ) が関数 main で参照されました。
main.obj : error LNK2019: 未解決の外部シンボル "__declspec(dllimport) public: bool __cdecl sf::Window::pollEvent(class sf::Event &)" (__imp_?pollEvent@Window@sf@@QEAA_NAEAVEvent@2@@Z) が関数 main で参照されました。
main.obj : error LNK2019: 未解決の外部シンボル "__declspec(dllimport) public: void __cdecl sf::Window::setVerticalSyncEnabled(bool)" (__imp_?setVerticalSyncEnabled@Window@sf@@QEAAX_N@Z) が関数 main で参照されました。
main.obj : error LNK2019: 未解決の外部シンボル "__declspec(dllimport) public: void __cdecl sf::Window::display(void)" (__imp_?display@Window@sf@@QEAAXXZ) が関数 main で参照されました。
main.obj : error LNK2019: 未解決の外部シンボル "__declspec(dllimport) public: __cdecl sf::Color::Color(unsigned char,unsigned char,unsigned char,unsigned char)" (__imp_??0Color@sf@@QEAA@EEEE@Z) が関数 main で参照されました。
main.obj : error LNK2019: 未解決の外部シンボル "__declspec(dllimport) public: void __cdecl sf::RenderTarget::clear(class sf::Color const &)" (__imp_?clear@RenderTarget@sf@@QEAAXAEBVColor@2@@Z) が関数 main で参照されました。
main.obj : error LNK2019: 未解決の外部シンボル "__declspec(dllimport) public: void __cdecl sf::RenderTarget::draw(class sf::Drawable const &,class sf::RenderStates const &)" (__imp_?draw@RenderTarget@sf@@QEAAXAEBVDrawable@2@AEBVRenderStates@2@@Z) が関数 main で参照されました。
main.obj : error LNK2019: 未解決の外部シンボル "__declspec(dllimport) public: __cdecl sf::RenderTexture::RenderTexture(void)" (__imp_??0RenderTexture@sf@@QEAA@XZ) が関数 main で参照されました。
main.obj : error LNK2019: 未解決の外部シンボル "__declspec(dllimport) public: virtual __cdecl sf::RenderTexture::~RenderTexture(void)" (__imp_??1RenderTexture@sf@@UEAA@XZ) が関数 main で参照されました。
main.obj : error LNK2019: 未解決の外部シンボル "__declspec(dllimport) public: bool __cdecl sf::RenderTexture::create(unsigned int,unsigned int,bool)" (__imp_?create@RenderTexture@sf@@QEAA_NII_N@Z) が関数 main で参照されました。
main.obj : error LNK2019: 未解決の外部シンボル "__declspec(dllimport) public: void __cdecl sf::RenderTexture::setSmooth(bool)" (__imp_?setSmooth@RenderTexture@sf@@QEAAX_N@Z) が関数 main で参照されました。
main.obj : error LNK2019: 未解決の外部シンボル "__declspec(dllimport) public: void __cdecl sf::RenderTexture::display(void)" (__imp_?display@RenderTexture@sf@@QEAAXXZ) が関数 main で参照されました。
main.obj : error LNK2019: 未解決の外部シンボル "__declspec(dllimport) public: class sf::Texture const & __cdecl sf::RenderTexture::getTexture(void)const " (__imp_?getTexture@RenderTexture@sf@@QEBAAEBVTexture@2@XZ) が関数 main で参照されました。
main.obj : error LNK2019: 未解決の外部シンボル "__declspec(dllimport) public: __cdecl sf::RenderWindow::RenderWindow(void)" (__imp_??0RenderWindow@sf@@QEAA@XZ) が関数 main で参照されました。
main.obj : error LNK2019: 未解決の外部シンボル "__declspec(dllimport) public: virtual __cdecl sf::RenderWindow::~RenderWindow(void)" (__imp_??1RenderWindow@sf@@UEAA@XZ) が関数 main で参照されました。
main.obj : error LNK2019: 未解決の外部シンボル "__declspec(dllimport) public: __cdecl sf::Sprite::Sprite(class sf::Texture const &)" (__imp_??0Sprite@sf@@QEAA@AEBVTexture@1@@Z) が関数 main で参照されました。
main.obj : error LNK2019: 未解決の外部シンボル "__declspec(dllimport) public: virtual __cdecl sf::Sprite::~Sprite(void)" (__imp_??1Sprite@sf@@UEAA@XZ) が関数 main で参照されました。
main.obj : error LNK2001: 外部シンボル ""__declspec(dllimport) public: static class sf::RenderStates const sf::RenderStates::Default" (__imp_?Default@RenderStates@sf@@2V12@B)" は未解決です。
W:\Programming\wlibMonitor\build\bin\Debug\jubeon.exe : fatal error LNK1120: 23 件の未解決の外部参照
